<?xml version="1.0" encoding="UTF-8"?>
<testng-results ignored="0" total="3" passed="3" failed="0" skipped="0">
  <reporter-output>
  </reporter-output>
  <suite started-at="2022-11-29T16:58:17 EST" name="Surefire suite" finished-at="2022-11-29T16:58:55 EST" duration-ms="38538">
    <groups>
      <group name="cucumber">
        <method signature="AbstractTestNGCucumberTests.runScenario(io.cucumber.testng.PickleWrapper, io.cucumber.testng.FeatureWrapper)[pri:0, instance:TestRunner@1445d7f]" name="runScenario" class="io.cucumber.testng.AbstractTestNGCucumberTests"/>
      </group> <!-- cucumber -->
    </groups>
    <test started-at="2022-11-29T16:58:17 EST" name="Surefire test" finished-at="2022-11-29T16:58:55 EST" duration-ms="38538">
      <class name="TestRunner">
        <test-method is-config="true" signature="setUpClass()[pri:0, instance:TestRunner@1445d7f]" started-at="2022-11-29T16:58:17 EST" name="setUpClass" finished-at="2022-11-29T16:58:17 EST" duration-ms="391" status="PASS">
          <reporter-output>
          </reporter-output>
        </test-method> <!-- setUpClass -->
        <test-method signature="runScenario(io.cucumber.testng.PickleWrapper, io.cucumber.testng.FeatureWrapper)[pri:0, instance:TestRunner@1445d7f]" started-at="2022-11-29T16:58:17 EST" name="runScenario" description="Runs Cucumber Scenarios" data-provider="scenarios" finished-at="2022-11-29T16:58:34 EST" duration-ms="16605" status="PASS">
          <params>
            <param index="0">
              <value>
                <![CDATA["Create a new account"]]>
              </value>
            </param>
            <param index="1">
              <value>
                <![CDATA["Optional[Registration]"]]>
              </value>
            </param>
          </params>
          <reporter-output>
          </reporter-output>
        </test-method> <!-- runScenario -->
        <test-method signature="runScenario(io.cucumber.testng.PickleWrapper, io.cucumber.testng.FeatureWrapper)[pri:0, instance:TestRunner@1445d7f]" started-at="2022-11-29T16:58:34 EST" name="runScenario" description="Runs Cucumber Scenarios" data-provider="scenarios" finished-at="2022-11-29T16:58:45 EST" duration-ms="11374" status="PASS">
          <params>
            <param index="0">
              <value>
                <![CDATA["Create a new account"]]>
              </value>
            </param>
            <param index="1">
              <value>
                <![CDATA["Optional[SignIn]"]]>
              </value>
            </param>
          </params>
          <reporter-output>
          </reporter-output>
        </test-method> <!-- runScenario -->
        <test-method signature="runScenario(io.cucumber.testng.PickleWrapper, io.cucumber.testng.FeatureWrapper)[pri:0, instance:TestRunner@1445d7f]" started-at="2022-11-29T16:58:45 EST" name="runScenario" description="Runs Cucumber Scenarios" data-provider="scenarios" finished-at="2022-11-29T16:58:55 EST" duration-ms="10033" status="PASS">
          <params>
            <param index="0">
              <value>
                <![CDATA["Using valid email and password user can log in"]]>
              </value>
            </param>
            <param index="1">
              <value>
                <![CDATA["Optional[SignIn]"]]>
              </value>
            </param>
          </params>
          <reporter-output>
          </reporter-output>
        </test-method> <!-- runScenario -->
        <test-method is-config="true" signature="tearDownClass()[pri:0, instance:TestRunner@1445d7f]" started-at="2022-11-29T16:58:55 EST" name="tearDownClass" finished-at="2022-11-29T16:58:55 EST" duration-ms="93" status="PASS">
          <reporter-output>
          </reporter-output>
        </test-method> <!-- tearDownClass -->
      </class> <!-- TestRunner -->
    </test> <!-- Surefire test -->
  </suite> <!-- Surefire suite -->
</testng-results>
